Arguments: 
  C:\Program Files\nodejs\node.exe C:\Users\TOSHIBA\AppData\Roaming\npm\node_modules\yarn\bin\yarn.js add dotenv -S

PATH: 
  C:\Users\TOSHIBA\bin;C:\Program Files\Git\mingw64\bin;C:\Program Files\Git\usr\local\bin;C:\Program Files\Git\usr\bin;C:\Program Files\Git\usr\bin;C:\Program Files\Git\mingw64\bin;C:\Program Files\Git\usr\bin;C:\Users\TOSHIBA\bin;C:\Program Files\Docker\Docker\Resources\bin;C:\ProgramData\Oracle\Java\javapath;C:\Windows\system32;C:\Windows;C:\Windows\System32\Wbem;C:\Windows\System32\WindowsPowerShell\v1.0;C:\Windows\System32\OpenSSH;C:\Program Files\PuTTY;C:\Program Files\Git\cmd;C:\Program Files\Cemeder;C:\Program Files\nodejs;C:\Program Files\MongoDB\Server\4.4\bin;C:\Users\TOSHIBA\AppData\Local\Microsoft\WindowsApps;C:\Users\TOSHIBA\AppData\Local\Programs\Microsoft VS Code\bin;C:\Users\TOSHIBA\AppData\Roaming\npm;C:\Program Files\Git\usr\bin\vendor_perl;C:\Program Files\Git\usr\bin\core_perl

Yarn version: 
  1.22.11

Node version: 
  14.17.4

Platform: 
  win32 x64

Trace: 
  Error: EPERM: operation not permitted, unlink 'C:\Users\TOSHIBA\Documents\repositoryNodej\node_modules\bcrypt\lib\binding\napi-v3\bcrypt_lib.node'

npm manifest: 
  {
    "name": "node-crud-login",
    "version": "1.0.0",
    "description": "",
    "main": "index.js",
    "scripts": {
      "start": "nodemon  src/index.js",
      "dev": "nodemon src/index.js"
    },
    "keywords": [],
    "author": "",
    "license": "ISC",
    "dependencies": {
      "@sendgrid/mail": "^7.4.7",
      "assert": "^2.0.0",
      "axios": "^0.21.1",
      "bcrypt": "^5.0.1",
      "cloudinary": "^1.25.1",
      "cookie-parser": "^1.4.5",
      "cors": "^2.8.5",
      "express": "^4.17.1",
      "express-fileupload": "^1.2.1",
      "express-handlebars": "^3.1.0",
      "express-session": "^1.17.1",
      "express-validator": "^6.10.1",
      "fs-extra": "^10.0.0",
      "google-auth-library": "^7.1.1",
      "jsonwebtoken": "^8.5.1",
      "jwt-decode": "^3.1.2",
      "mongoose-autopopulate": "^0.13.0",
      "morgan": "^1.10.0",
      "nodemailer": "^6.7.0",
      "nodemailer-sendgrid": "^1.0.3",
      "passport": "^0.4.1",
      "passport-google-oauth2": "^0.2.0",
      "paypal-rest-sdk": "^1.8.1",
      "qs": "^6.10.1",
      "qs-stringify": "^1.2.1",
      "request": "^2.88.2"
    },
    "devDependencies": {
      "mongoose": "^5.13.0",
      "nodemon": "^2.0.7",
      "npm-run-all": "^4.1.5",
      "tsc-watch": "^4.4.0",
      "typescript": "^4.3.5"
    }
  }

yarn manifest: 
  No manifest

Lockfile: 
  No lockfile
